<?xml version="1.0" encoding="UTF-8" ?>
<testsuite failures="0" time="0.002" errors="0" skipped="0" tests="2" name="info.simplecloud.scimproxy.WebAppTest">
  <properties>
    <property name="java.runtime.name" value="Java(TM) SE Runtime Environment"/>
    <property name="sun.boot.library.path" value="/System/Library/Java/JavaVirtualMachines/1.6.0.jdk/Contents/Libraries"/>
    <property name="java.vm.version" value="19.1-b02-334"/>
    <property name="awt.nativeDoubleBuffering" value="true"/>
    <property name="gopherProxySet" value="false"/>
    <property name="mrj.build" value="10M3326"/>
    <property name="java.vm.vendor" value="Apple Inc."/>
    <property name="java.vendor.url" value="http://www.apple.com/"/>
    <property name="path.separator" value=":"/>
    <property name="java.vm.name" value="Java HotSpot(TM) 64-Bit Server VM"/>
    <property name="file.encoding.pkg" value="sun.io"/>
    <property name="user.country" value="US"/>
    <property name="sun.java.launcher" value="SUN_STANDARD"/>
    <property name="sun.os.patch.level" value="unknown"/>
    <property name="java.vm.specification.name" value="Java Virtual Machine Specification"/>
    <property name="user.dir" value="/Volumes/untitled/dev/scim2/scimproxy"/>
    <property name="java.runtime.version" value="1.6.0_24-b07-334-10M3326"/>
    <property name="java.awt.graphicsenv" value="apple.awt.CGraphicsEnvironment"/>
    <property name="basedir" value="/Volumes/untitled/dev/scim2/scimproxy"/>
    <property name="java.endorsed.dirs" value="/System/Library/Java/JavaVirtualMachines/1.6.0.jdk/Contents/Home/lib/endorsed"/>
    <property name="os.arch" value="x86_64"/>
    <property name="surefire.real.class.path" value="/Volumes/untitled/dev/scim2/scimproxy/target/surefire/surefirebooter2436705692498300991.jar"/>
    <property name="java.io.tmpdir" value="/var/folders/SB/SBHJLldGG+u7j3X3fm0eaE+++TI/-Tmp-/"/>
    <property name="line.separator" value="
"/>
    <property name="java.vm.specification.vendor" value="Sun Microsystems Inc."/>
    <property name="os.name" value="Mac OS X"/>
    <property name="sun.jnu.encoding" value="MacRoman"/>
    <property name="java.library.path" value=".:/Library/Java/Extensions:/System/Library/Java/Extensions:/usr/lib/java"/>
    <property name="surefire.test.class.path" value="/Volumes/untitled/dev/scim2/scimproxy/target/test-classes:/Volumes/untitled/dev/scim2/scimproxy/target/classes:/Users/erwah/.m2/repository/junit/junit/4.8.1/junit-4.8.1.jar:/Users/erwah/.m2/repository/javax/servlet/servlet-api/2.4/servlet-api-2.4.jar:/Users/erwah/.m2/repository/commons-lang/commons-lang/2.2/commons-lang-2.2.jar:/Users/erwah/.m2/repository/commons-logging/commons-logging/1.1.1/commons-logging-1.1.1.jar:/Users/erwah/.m2/repository/org/mortbay/jetty/jetty-servlet-tester/7.0.0.pre5/jetty-servlet-tester-7.0.0.pre5.jar:/Users/erwah/.m2/repository/org/mortbay/jetty/jetty-webapp/7.0.0.pre5/jetty-webapp-7.0.0.pre5.jar:/Users/erwah/.m2/repository/org/mortbay/jetty/jetty/7.0.0.pre5/jetty-7.0.0.pre5.jar:/Users/erwah/.m2/repository/org/mortbay/jetty/servlet-api/3.0.pre4/servlet-api-3.0.pre4.jar:/Users/erwah/.m2/repository/org/mortbay/jetty/jetty-util/7.0.0.pre5/jetty-util-7.0.0.pre5.jar:/Users/erwah/.m2/repository/org/mortbay/jetty/jetty-xml/7.0.0.pre5/jetty-xml-7.0.0.pre5.jar:/Users/erwah/.m2/repository/org/mortbay/jetty/jetty-security/7.0.0.pre5/jetty-security-7.0.0.pre5.jar:"/>
    <property name="java.specification.name" value="Java Platform API Specification"/>
    <property name="java.class.version" value="50.0"/>
    <property name="sun.management.compiler" value="HotSpot 64-Bit Server Compiler"/>
    <property name="os.version" value="10.6.7"/>
    <property name="http.nonProxyHosts" value="local|*.local|169.254/16|*.169.254/16"/>
    <property name="user.home" value="/Users/erwah"/>
    <property name="user.timezone" value="Europe/Stockholm"/>
    <property name="java.awt.printerjob" value="apple.awt.CPrinterJob"/>
    <property name="java.specification.version" value="1.6"/>
    <property name="file.encoding" value="MacRoman"/>
    <property name="user.name" value="erwah"/>
    <property name="java.class.path" value="/Volumes/untitled/dev/scim2/scimproxy/target/test-classes:/Volumes/untitled/dev/scim2/scimproxy/target/classes:/Users/erwah/.m2/repository/junit/junit/4.8.1/junit-4.8.1.jar:/Users/erwah/.m2/repository/javax/servlet/servlet-api/2.4/servlet-api-2.4.jar:/Users/erwah/.m2/repository/commons-lang/commons-lang/2.2/commons-lang-2.2.jar:/Users/erwah/.m2/repository/commons-logging/commons-logging/1.1.1/commons-logging-1.1.1.jar:/Users/erwah/.m2/repository/org/mortbay/jetty/jetty-servlet-tester/7.0.0.pre5/jetty-servlet-tester-7.0.0.pre5.jar:/Users/erwah/.m2/repository/org/mortbay/jetty/jetty-webapp/7.0.0.pre5/jetty-webapp-7.0.0.pre5.jar:/Users/erwah/.m2/repository/org/mortbay/jetty/jetty/7.0.0.pre5/jetty-7.0.0.pre5.jar:/Users/erwah/.m2/repository/org/mortbay/jetty/servlet-api/3.0.pre4/servlet-api-3.0.pre4.jar:/Users/erwah/.m2/repository/org/mortbay/jetty/jetty-util/7.0.0.pre5/jetty-util-7.0.0.pre5.jar:/Users/erwah/.m2/repository/org/mortbay/jetty/jetty-xml/7.0.0.pre5/jetty-xml-7.0.0.pre5.jar:/Users/erwah/.m2/repository/org/mortbay/jetty/jetty-security/7.0.0.pre5/jetty-security-7.0.0.pre5.jar:"/>
    <property name="java.vm.specification.version" value="1.0"/>
    <property name="sun.arch.data.model" value="64"/>
    <property name="java.home" value="/System/Library/Java/JavaVirtualMachines/1.6.0.jdk/Contents/Home"/>
    <property name="java.specification.vendor" value="Sun Microsystems Inc."/>
    <property name="user.language" value="en"/>
    <property name="awt.toolkit" value="apple.awt.CToolkit"/>
    <property name="java.vm.info" value="mixed mode"/>
    <property name="java.version" value="1.6.0_24"/>
    <property name="java.ext.dirs" value="/Library/Java/Extensions:/System/Library/Java/Extensions:/System/Library/Java/JavaVirtualMachines/1.6.0.jdk/Contents/Home/lib/ext"/>
    <property name="sun.boot.class.path" value="/System/Library/Java/JavaVirtualMachines/1.6.0.jdk/Contents/Classes/jsfd.jar:/System/Library/Java/JavaVirtualMachines/1.6.0.jdk/Contents/Classes/classes.jar:/System/Library/Frameworks/JavaVM.framework/Frameworks/JavaRuntimeSupport.framework/Resources/Java/JavaRuntimeSupport.jar:/System/Library/Java/JavaVirtualMachines/1.6.0.jdk/Contents/Classes/ui.jar:/System/Library/Java/JavaVirtualMachines/1.6.0.jdk/Contents/Classes/laf.jar:/System/Library/Java/JavaVirtualMachines/1.6.0.jdk/Contents/Classes/sunrsasign.jar:/System/Library/Java/JavaVirtualMachines/1.6.0.jdk/Contents/Classes/jsse.jar:/System/Library/Java/JavaVirtualMachines/1.6.0.jdk/Contents/Classes/jce.jar:/System/Library/Java/JavaVirtualMachines/1.6.0.jdk/Contents/Classes/charsets.jar"/>
    <property name="java.vendor" value="Apple Inc."/>
    <property name="localRepository" value="/Users/erwah/.m2/repository"/>
    <property name="file.separator" value="/"/>
    <property name="java.vendor.url.bug" value="http://bugreport.apple.com/"/>
    <property name="sun.cpu.endian" value="little"/>
    <property name="sun.io.unicode.encoding" value="UnicodeLittle"/>
    <property name="mrj.version" value="1060.1.6.0_24-334"/>
    <property name="socksNonProxyHosts" value="local|*.local|169.254/16|*.169.254/16"/>
    <property name="ftp.nonProxyHosts" value="local|*.local|169.254/16|*.169.254/16"/>
    <property name="sun.cpu.isalist" value=""/>
  </properties>
  <testcase time="0.001" classname="info.simplecloud.scimproxy.WebAppTest" name="testUser"/>
  <testcase time="0" classname="info.simplecloud.scimproxy.WebAppTest" name="testUser2"/>
</testsuite>